!SESSION 2019-05-27 11:45:40.941 -----------------------------------------------
eclipse.buildId=4.11.0.I20190307-0500
java.version=1.8.0_171
java.vendor=Oracle Corporation
BootLoader constants: OS=linux, ARCH=x86_64, WS=gtk, NL=en_IN
Framework arguments:  -product org.eclipse.epp.package.java.product
Command-line arguments:  -os linux -ws gtk -arch x86_64 -product org.eclipse.epp.package.java.product

!ENTRY org.eclipse.egit.core 1 0 2019-05-27 11:45:51.265
!MESSAGE Using Apache MINA sshd as ssh client.
!SESSION 2019-05-27 12:37:39.108 -----------------------------------------------
eclipse.buildId=4.11.0.I20190307-0500
java.version=1.8.0_171
java.vendor=Oracle Corporation
BootLoader constants: OS=linux, ARCH=x86_64, WS=gtk, NL=en_IN
Framework arguments:  -product org.eclipse.epp.package.java.product
Command-line arguments:  -os linux -ws gtk -arch x86_64 -product org.eclipse.epp.package.java.product

!ENTRY org.eclipse.egit.core 1 0 2019-05-27 12:37:46.708
!MESSAGE Using Apache MINA sshd as ssh client.
!SESSION 2019-05-27 17:37:10.454 -----------------------------------------------
eclipse.buildId=4.11.0.I20190307-0500
java.version=1.8.0_171
java.vendor=Oracle Corporation
BootLoader constants: OS=linux, ARCH=x86_64, WS=gtk, NL=en_IN
Framework arguments:  -product org.eclipse.epp.package.java.product
Command-line arguments:  -os linux -ws gtk -arch x86_64 -product org.eclipse.epp.package.java.product

!ENTRY org.eclipse.egit.core 1 0 2019-05-27 17:37:19.441
!MESSAGE Using Apache MINA sshd as ssh client.
!SESSION 2019-05-28 11:34:36.768 -----------------------------------------------
eclipse.buildId=4.11.0.I20190307-0500
java.version=1.8.0_171
java.vendor=Oracle Corporation
BootLoader constants: OS=linux, ARCH=x86_64, WS=gtk, NL=en_IN
Framework arguments:  -product org.eclipse.epp.package.java.product
Command-line arguments:  -os linux -ws gtk -arch x86_64 -product org.eclipse.epp.package.java.product

!ENTRY org.eclipse.egit.core 1 0 2019-05-28 11:34:49.872
!MESSAGE Using Apache MINA sshd as ssh client.
!SESSION 2019-06-06 11:52:33.256 -----------------------------------------------
eclipse.buildId=4.11.0.I20190307-0500
java.version=1.8.0_212
java.vendor=Oracle Corporation
BootLoader constants: OS=linux, ARCH=x86_64, WS=gtk, NL=en_IN
Framework arguments:  -product org.eclipse.epp.package.java.product
Command-line arguments:  -os linux -ws gtk -arch x86_64 -product org.eclipse.epp.package.java.product

!ENTRY org.eclipse.core.resources 2 10035 2019-06-06 11:52:37.456
!MESSAGE The workspace exited with unsaved changes in the previous session; refreshing workspace to recover changes.

!ENTRY org.eclipse.egit.core 1 0 2019-06-06 11:52:39.944
!MESSAGE Using Apache MINA sshd as ssh client.
!SESSION 2019-06-06 12:11:32.561 -----------------------------------------------
eclipse.buildId=4.11.0.I20190307-0500
java.version=1.8.0_212
java.vendor=Oracle Corporation
BootLoader constants: OS=linux, ARCH=x86_64, WS=gtk, NL=en_IN
Framework arguments:  -product org.eclipse.epp.package.java.product
Command-line arguments:  -data file:/home/claritus/eclipse-workspace/ -os linux -ws gtk -arch x86_64 -product org.eclipse.epp.package.java.product

!ENTRY org.eclipse.egit.core 1 0 2019-06-06 12:11:40.312
!MESSAGE Using Apache MINA sshd as ssh client.

!ENTRY org.testng.eclipse 1 0 2019-06-06 12:12:13.297
!MESSAGE [TestNGLaunchConfigurationDelegate] Launching:
  Classpath: /home/claritus/Downloads/eclipse/configuration/org.eclipse.osgi/477/0/.cp/lib/testng-remote.jar /home/claritus/eclipse-workspace/Automation1/bin /home/claritus/Downloads/selenium-server-standalone-3.141.59.jar /home/claritus/Downloads/testng-6.8.jar
  VMArgs:    -ea
  Class:     org.testng.remote.RemoteTestNG
  Args:      -serport 43584 -protocol json -d /home/claritus/eclipse-workspace/Automation1/test-output /tmp/testng-eclipse--442870221/testng-customsuite.xml
java -ea -classpath /home/claritus/Downloads/eclipse/configuration/org.eclipse.osgi/477/0/.cp/lib/testng-remote.jar:/home/claritus/eclipse-workspace/Automation1/bin:/home/claritus/Downloads/selenium-server-standalone-3.141.59.jar:/home/claritus/Downloads/testng-6.8.jar org.testng.remote.RemoteTestNG -serport 43584 -protocol json -d /home/claritus/eclipse-workspace/Automation1/test-output /tmp/testng-eclipse--442870221/testng-customsuite.xml

!ENTRY org.testng.eclipse 1 0 2019-06-06 12:23:33.946
!MESSAGE [TestNGLaunchConfigurationDelegate] Launching:
  Classpath: /home/claritus/Downloads/eclipse/configuration/org.eclipse.osgi/477/0/.cp/lib/testng-remote.jar /home/claritus/eclipse-workspace/Automation1/bin /home/claritus/Downloads/selenium-server-standalone-3.141.59.jar /home/claritus/Downloads/testng-6.8.jar
  VMArgs:    -ea
  Class:     org.testng.remote.RemoteTestNG
  Args:      -serport 42737 -protocol json -d /home/claritus/eclipse-workspace/Automation1/test-output /tmp/testng-eclipse-1395420630/testng-customsuite.xml
java -ea -classpath /home/claritus/Downloads/eclipse/configuration/org.eclipse.osgi/477/0/.cp/lib/testng-remote.jar:/home/claritus/eclipse-workspace/Automation1/bin:/home/claritus/Downloads/selenium-server-standalone-3.141.59.jar:/home/claritus/Downloads/testng-6.8.jar org.testng.remote.RemoteTestNG -serport 42737 -protocol json -d /home/claritus/eclipse-workspace/Automation1/test-output /tmp/testng-eclipse-1395420630/testng-customsuite.xml

!ENTRY org.eclipse.m2e.logback.appender 4 0 2019-06-06 12:31:40.768
!MESSAGE Could not download sources for com.google.code.findbugs:jsr305:1.3.9
!STACK 1
org.eclipse.core.runtime.CoreException: Could not resolve artifact com.google.code.findbugs:jsr305:jar:sources:1.3.9
	at org.eclipse.m2e.core.internal.embedder.MavenImpl.lambda$4(MavenImpl.java:763)
	at org.eclipse.m2e.core.internal.embedder.MavenExecutionContext.executeBare(MavenExecutionContext.java:177)
	at org.eclipse.m2e.core.internal.embedder.MavenExecutionContext.execute(MavenExecutionContext.java:112)
	at org.eclipse.m2e.core.internal.embedder.MavenExecutionContext.execute(MavenExecutionContext.java:99)
	at org.eclipse.m2e.core.internal.embedder.MavenImpl.resolve(MavenImpl.java:731)
	at org.eclipse.m2e.core.internal.embedder.MavenImpl.resolve(MavenImpl.java:708)
	at org.eclipse.m2e.jdt.internal.DownloadSourcesJob.download(DownloadSourcesJob.java:279)
	at org.eclipse.m2e.jdt.internal.DownloadSourcesJob.downloadAttachments(DownloadSourcesJob.java:254)
	at org.eclipse.m2e.jdt.internal.DownloadSourcesJob.downloadMaven(DownloadSourcesJob.java:221)
	at org.eclipse.m2e.jdt.internal.DownloadSourcesJob.run(DownloadSourcesJob.java:161)
	at org.eclipse.m2e.jdt.internal.DownloadSourcesJob$1.call(DownloadSourcesJob.java:137)
	at org.eclipse.m2e.jdt.internal.DownloadSourcesJob$1.call(DownloadSourcesJob.java:1)
	at org.eclipse.m2e.core.internal.embedder.MavenExecutionContext.executeBare(MavenExecutionContext.java:177)
	at org.eclipse.m2e.core.internal.embedder.MavenExecutionContext.execute(MavenExecutionContext.java:151)
	at org.eclipse.m2e.core.internal.embedder.MavenExecutionContext.execute(MavenExecutionContext.java:99)
	at org.eclipse.m2e.core.internal.embedder.MavenImpl.execute(MavenImpl.java:1336)
	at org.eclipse.m2e.jdt.internal.DownloadSourcesJob.run(DownloadSourcesJob.java:135)
	at org.eclipse.core.internal.jobs.Worker.run(Worker.java:63)
Contains: Missing com.google.code.findbugs:jsr305:jar:sources:1.3.9
!SUBENTRY 1 org.eclipse.m2e.core 4 -1 2019-06-06 12:31:40.768
!MESSAGE Could not resolve artifact com.google.code.findbugs:jsr305:jar:sources:1.3.9
!SUBENTRY 2 org.eclipse.m2e.core 4 -1 2019-06-06 12:31:40.768
!MESSAGE Missing com.google.code.findbugs:jsr305:jar:sources:1.3.9

!ENTRY org.eclipse.m2e.logback.appender 4 0 2019-06-06 12:32:00.724
!MESSAGE Could not download javadoc for com.google.code.findbugs:jsr305:1.3.9
!STACK 1
org.eclipse.core.runtime.CoreException: Could not resolve artifact com.google.code.findbugs:jsr305:jar:javadoc:1.3.9
	at org.eclipse.m2e.core.internal.embedder.MavenImpl.lambda$4(MavenImpl.java:763)
	at org.eclipse.m2e.core.internal.embedder.MavenExecutionContext.executeBare(MavenExecutionContext.java:177)
	at org.eclipse.m2e.core.internal.embedder.MavenExecutionContext.execute(MavenExecutionContext.java:112)
	at org.eclipse.m2e.core.internal.embedder.MavenExecutionContext.execute(MavenExecutionContext.java:99)
	at org.eclipse.m2e.core.internal.embedder.MavenImpl.resolve(MavenImpl.java:731)
	at org.eclipse.m2e.core.internal.embedder.MavenImpl.resolve(MavenImpl.java:708)
	at org.eclipse.m2e.jdt.internal.DownloadSourcesJob.download(DownloadSourcesJob.java:279)
	at org.eclipse.m2e.jdt.internal.DownloadSourcesJob.downloadAttachments(DownloadSourcesJob.java:265)
	at org.eclipse.m2e.jdt.internal.DownloadSourcesJob.downloadMaven(DownloadSourcesJob.java:221)
	at org.eclipse.m2e.jdt.internal.DownloadSourcesJob.run(DownloadSourcesJob.java:161)
	at org.eclipse.m2e.jdt.internal.DownloadSourcesJob$1.call(DownloadSourcesJob.java:137)
	at org.eclipse.m2e.jdt.internal.DownloadSourcesJob$1.call(DownloadSourcesJob.java:1)
	at org.eclipse.m2e.core.internal.embedder.MavenExecutionContext.executeBare(MavenExecutionContext.java:177)
	at org.eclipse.m2e.core.internal.embedder.MavenExecutionContext.execute(MavenExecutionContext.java:151)
	at org.eclipse.m2e.core.internal.embedder.MavenExecutionContext.execute(MavenExecutionContext.java:99)
	at org.eclipse.m2e.core.internal.embedder.MavenImpl.execute(MavenImpl.java:1336)
	at org.eclipse.m2e.jdt.internal.DownloadSourcesJob.run(DownloadSourcesJob.java:135)
	at org.eclipse.core.internal.jobs.Worker.run(Worker.java:63)
Contains: Missing com.google.code.findbugs:jsr305:jar:javadoc:1.3.9
!SUBENTRY 1 org.eclipse.m2e.core 4 -1 2019-06-06 12:32:00.724
!MESSAGE Could not resolve artifact com.google.code.findbugs:jsr305:jar:javadoc:1.3.9
!SUBENTRY 2 org.eclipse.m2e.core 4 -1 2019-06-06 12:32:00.724
!MESSAGE Missing com.google.code.findbugs:jsr305:jar:javadoc:1.3.9

!ENTRY org.testng.eclipse 1 0 2019-06-06 12:33:22.509
!MESSAGE [TestNGLaunchConfigurationDelegate] Launching:
  Classpath: /home/claritus/Downloads/eclipse/configuration/org.eclipse.osgi/477/0/.cp/lib/testng-remote.jar /home/claritus/eclipse-workspace/Automation1/bin /home/claritus/Downloads/selenium-server-standalone-3.141.59.jar /home/claritus/Downloads/testng-6.8.jar
  VMArgs:    -ea
  Class:     org.testng.remote.RemoteTestNG
  Args:      -serport 39609 -protocol json -d /home/claritus/eclipse-workspace/Automation1/test-output /tmp/testng-eclipse-1369116498/testng-customsuite.xml
java -ea -classpath /home/claritus/Downloads/eclipse/configuration/org.eclipse.osgi/477/0/.cp/lib/testng-remote.jar:/home/claritus/eclipse-workspace/Automation1/bin:/home/claritus/Downloads/selenium-server-standalone-3.141.59.jar:/home/claritus/Downloads/testng-6.8.jar org.testng.remote.RemoteTestNG -serport 39609 -protocol json -d /home/claritus/eclipse-workspace/Automation1/test-output /tmp/testng-eclipse-1369116498/testng-customsuite.xml

!ENTRY org.testng.eclipse 1 0 2019-06-06 12:36:57.308
!MESSAGE [TestNGLaunchConfigurationDelegate] Launching:
  Classpath: /home/claritus/Downloads/eclipse/configuration/org.eclipse.osgi/477/0/.cp/lib/testng-remote.jar /home/claritus/eclipse-workspace/Automation1/bin /home/claritus/Downloads/selenium-server-standalone-3.141.59.jar /home/claritus/Downloads/testng-6.8.jar
  VMArgs:    -ea
  Class:     org.testng.remote.RemoteTestNG
  Args:      -serport 37214 -protocol json -d /home/claritus/eclipse-workspace/Automation1/test-output /tmp/testng-eclipse-1648534500/testng-customsuite.xml
java -ea -classpath /home/claritus/Downloads/eclipse/configuration/org.eclipse.osgi/477/0/.cp/lib/testng-remote.jar:/home/claritus/eclipse-workspace/Automation1/bin:/home/claritus/Downloads/selenium-server-standalone-3.141.59.jar:/home/claritus/Downloads/testng-6.8.jar org.testng.remote.RemoteTestNG -serport 37214 -protocol json -d /home/claritus/eclipse-workspace/Automation1/test-output /tmp/testng-eclipse-1648534500/testng-customsuite.xml

!ENTRY org.eclipse.jdt.launching 4 150 2019-06-06 12:39:45.034
!MESSAGE The archive: /RestAPI/C:/Users/Deven/Downloads/testng-6.8.8.jar which is referenced by the classpath, does not exist.

!ENTRY org.testng.eclipse 1 0 2019-06-06 12:42:47.984
!MESSAGE [TestNGLaunchConfigurationDelegate] Launching:
  Classpath: /home/claritus/Downloads/eclipse/configuration/org.eclipse.osgi/477/0/.cp/lib/testng-remote.jar /home/claritus/Documents/Selenium/RestAPI/RestAPI/target/test-classes /home/claritus/Documents/Selenium/RestAPI/RestAPI/target/classes /home/claritus/Downloads/testng-6.8.jar /home/claritus/.m2/repository/org/seleniumhq/selenium/selenium-server/3.141.5/selenium-server-3.141.5.jar /home/claritus/.m2/repository/org/seleniumhq/selenium/selenium-java/3.141.5/selenium-java-3.141.5.jar /home/claritus/.m2/repository/org/seleniumhq/selenium/selenium-api/3.141.5/selenium-api-3.141.5.jar /home/claritus/.m2/repository/org/seleniumhq/selenium/selenium-chrome-driver/3.141.5/selenium-chrome-driver-3.141.5.jar /home/claritus/.m2/repository/org/seleniumhq/selenium/selenium-edge-driver/3.141.5/selenium-edge-driver-3.141.5.jar /home/claritus/.m2/repository/org/seleniumhq/selenium/selenium-firefox-driver/3.141.5/selenium-firefox-driver-3.141.5.jar /home/claritus/.m2/repository/org/seleniumhq/selenium/selenium-ie-driver/3.141.5/selenium-ie-driver-3.141.5.jar /home/claritus/.m2/repository/org/seleniumhq/selenium/selenium-opera-driver/3.141.5/selenium-opera-driver-3.141.5.jar /home/claritus/.m2/repository/org/seleniumhq/selenium/selenium-remote-driver/3.141.5/selenium-remote-driver-3.141.5.jar /home/claritus/.m2/repository/org/seleniumhq/selenium/selenium-safari-driver/3.141.5/selenium-safari-driver-3.141.5.jar /home/claritus/.m2/repository/org/seleniumhq/selenium/selenium-support/3.141.5/selenium-support-3.141.5.jar /home/claritus/.m2/repository/com/beust/jcommander/1.72/jcommander-1.72.jar /home/claritus/.m2/repository/net/bytebuddy/byte-buddy/1.8.15/byte-buddy-1.8.15.jar /home/claritus/.m2/repository/org/apache/commons/commons-exec/1.3/commons-exec-1.3.jar /home/claritus/.m2/repository/com/google/guava/guava/25.0-jre/guava-25.0-jre.jar /home/claritus/.m2/repository/com/google/code/findbugs/jsr305/1.3.9/jsr305-1.3.9.jar /home/claritus/.m2/repository/org/checkerframework/checker-compat-qual/2.0.0/checker-compat-qual-2.0.0.jar /home/claritus/.m2/repository/com/google/errorprone/error_prone_annotations/2.1.3/error_prone_annotations-2.1.3.jar /home/claritus/.m2/repository/com/google/j2objc/j2objc-annotations/1.1/j2objc-annotations-1.1.jar /home/claritus/.m2/repository/org/codehaus/mojo/animal-sniffer-annotations/1.14/animal-sniffer-annotations-1.14.jar /home/claritus/.m2/repository/net/jcip/jcip-annotations/1.0/jcip-annotations-1.0.jar /home/claritus/.m2/repository/org/seleniumhq/selenium/jetty-repacked/9.4.12.v20180830/jetty-repacked-9.4.12.v20180830.jar /home/claritus/.m2/repository/com/squareup/okhttp3/okhttp/3.11.0/okhttp-3.11.0.jar /home/claritus/.m2/repository/com/squareup/okio/okio/1.14.0/okio-1.14.0.jar /home/claritus/.m2/repository/javax/servlet/javax.servlet-api/3.1.0/javax.servlet-api-3.1.0.jar /home/claritus/.m2/repository/org/yaml/snakeyaml/1.19/snakeyaml-1.19.jar /home/claritus/.m2/repository/org/testng/testng/6.14.3/testng-6.14.3.jar /home/claritus/.m2/repository/org/apache-extras/beanshell/bsh/2.0b6/bsh-2.0b6.jar /home/claritus/.m2/repository/org/apache/httpcomponents/httpclient/4.5.6/httpclient-4.5.6.jar /home/claritus/.m2/repository/commons-logging/commons-logging/1.2/commons-logging-1.2.jar /home/claritus/.m2/repository/commons-codec/commons-codec/1.10/commons-codec-1.10.jar /home/claritus/.m2/repository/org/apache/httpcomponents/httpcore/4.4.7/httpcore-4.4.7.jar /home/claritus/.m2/repository/org/json/json/20180813/json-20180813.jar
  VMArgs:    -ea
  Class:     org.testng.remote.RemoteTestNG
  Args:      -serport 32889 -protocol json -d /home/claritus/Documents/Selenium/RestAPI/RestAPI/test-output /tmp/testng-eclipse--1872007713/testng-customsuite.xml
java -ea -classpath /home/claritus/Downloads/eclipse/configuration/org.eclipse.osgi/477/0/.cp/lib/testng-remote.jar:/home/claritus/Documents/Selenium/RestAPI/RestAPI/target/test-classes:/home/claritus/Documents/Selenium/RestAPI/RestAPI/target/classes:/home/claritus/Downloads/testng-6.8.jar:/home/claritus/.m2/repository/org/seleniumhq/selenium/selenium-server/3.141.5/selenium-server-3.141.5.jar:/home/claritus/.m2/repository/org/seleniumhq/selenium/selenium-java/3.141.5/selenium-java-3.141.5.jar:/home/claritus/.m2/repository/org/seleniumhq/selenium/selenium-api/3.141.5/selenium-api-3.141.5.jar:/home/claritus/.m2/repository/org/seleniumhq/selenium/selenium-chrome-driver/3.141.5/selenium-chrome-driver-3.141.5.jar:/home/claritus/.m2/repository/org/seleniumhq/selenium/selenium-edge-driver/3.141.5/selenium-edge-driver-3.141.5.jar:/home/claritus/.m2/repository/org/seleniumhq/selenium/selenium-firefox-driver/3.141.5/selenium-firefox-driver-3.141.5.jar:/home/claritus/.m2/repository/org/seleniumhq/selenium/selenium-ie-driver/3.141.5/selenium-ie-driver-3.141.5.jar:/home/claritus/.m2/repository/org/seleniumhq/selenium/selenium-opera-driver/3.141.5/selenium-opera-driver-3.141.5.jar:/home/claritus/.m2/repository/org/seleniumhq/selenium/selenium-remote-driver/3.141.5/selenium-remote-driver-3.141.5.jar:/home/claritus/.m2/repository/org/seleniumhq/selenium/selenium-safari-driver/3.141.5/selenium-safari-driver-3.141.5.jar:/home/claritus/.m2/repository/org/seleniumhq/selenium/selenium-support/3.141.5/selenium-support-3.141.5.jar:/home/claritus/.m2/repository/com/beust/jcommander/1.72/jcommander-1.72.jar:/home/claritus/.m2/repository/net/bytebuddy/byte-buddy/1.8.15/byte-buddy-1.8.15.jar:/home/claritus/.m2/repository/org/apache/commons/commons-exec/1.3/commons-exec-1.3.jar:/home/claritus/.m2/repository/com/google/guava/guava/25.0-jre/guava-25.0-jre.jar:/home/claritus/.m2/repository/com/google/code/findbugs/jsr305/1.3.9/jsr305-1.3.9.jar:/home/claritus/.m2/repository/org/checkerframework/checker-compat-qual/2.0.0/checker-compat-qual-2.0.0.jar:/home/claritus/.m2/repository/com/google/errorprone/error_prone_annotations/2.1.3/error_prone_annotations-2.1.3.jar:/home/claritus/.m2/repository/com/google/j2objc/j2objc-annotations/1.1/j2objc-annotations-1.1.jar:/home/claritus/.m2/repository/org/codehaus/mojo/animal-sniffer-annotations/1.14/animal-sniffer-annotations-1.14.jar:/home/claritus/.m2/repository/net/jcip/jcip-annotations/1.0/jcip-annotations-1.0.jar:/home/claritus/.m2/repository/org/seleniumhq/selenium/jetty-repacked/9.4.12.v20180830/jetty-repacked-9.4.12.v20180830.jar:/home/claritus/.m2/repository/com/squareup/okhttp3/okhttp/3.11.0/okhttp-3.11.0.jar:/home/claritus/.m2/repository/com/squareup/okio/okio/1.14.0/okio-1.14.0.jar:/home/claritus/.m2/repository/javax/servlet/javax.servlet-api/3.1.0/javax.servlet-api-3.1.0.jar:/home/claritus/.m2/repository/org/yaml/snakeyaml/1.19/snakeyaml-1.19.jar:/home/claritus/.m2/repository/org/testng/testng/6.14.3/testng-6.14.3.jar:/home/claritus/.m2/repository/org/apache-extras/beanshell/bsh/2.0b6/bsh-2.0b6.jar:/home/claritus/.m2/repository/org/apache/httpcomponents/httpclient/4.5.6/httpclient-4.5.6.jar:/home/claritus/.m2/repository/commons-logging/commons-logging/1.2/commons-logging-1.2.jar:/home/claritus/.m2/repository/commons-codec/commons-codec/1.10/commons-codec-1.10.jar:/home/claritus/.m2/repository/org/apache/httpcomponents/httpcore/4.4.7/httpcore-4.4.7.jar:/home/claritus/.m2/repository/org/json/json/20180813/json-20180813.jar org.testng.remote.RemoteTestNG -serport 32889 -protocol json -d /home/claritus/Documents/Selenium/RestAPI/RestAPI/test-output /tmp/testng-eclipse--1872007713/testng-customsuite.xml
!SESSION 2019-06-06 12:51:32.651 -----------------------------------------------
eclipse.buildId=4.11.0.I20190307-0500
java.version=1.8.0_212
java.vendor=Oracle Corporation
BootLoader constants: OS=linux, ARCH=x86_64, WS=gtk, NL=en_IN
Framework arguments:  -product org.eclipse.epp.package.java.product
Command-line arguments:  -os linux -ws gtk -arch x86_64 -product org.eclipse.epp.package.java.product

!ENTRY org.eclipse.egit.core 1 0 2019-06-06 12:51:47.943
!MESSAGE Using Apache MINA sshd as ssh client.

!ENTRY org.testng.eclipse 1 0 2019-06-06 12:52:21.349
!MESSAGE [TestNGLaunchConfigurationDelegate] Launching:
  Classpath: /home/claritus/Downloads/eclipse/configuration/org.eclipse.osgi/477/0/.cp/lib/testng-remote.jar /home/claritus/Documents/Selenium/RestAPI/RestAPI/target/test-classes /home/claritus/Documents/Selenium/RestAPI/RestAPI/target/classes /home/claritus/Downloads/testng-6.8.jar /home/claritus/.m2/repository/org/seleniumhq/selenium/selenium-server/3.141.5/selenium-server-3.141.5.jar /home/claritus/.m2/repository/org/seleniumhq/selenium/selenium-java/3.141.5/selenium-java-3.141.5.jar /home/claritus/.m2/repository/org/seleniumhq/selenium/selenium-api/3.141.5/selenium-api-3.141.5.jar /home/claritus/.m2/repository/org/seleniumhq/selenium/selenium-chrome-driver/3.141.5/selenium-chrome-driver-3.141.5.jar /home/claritus/.m2/repository/org/seleniumhq/selenium/selenium-edge-driver/3.141.5/selenium-edge-driver-3.141.5.jar /home/claritus/.m2/repository/org/seleniumhq/selenium/selenium-firefox-driver/3.141.5/selenium-firefox-driver-3.141.5.jar /home/claritus/.m2/repository/org/seleniumhq/selenium/selenium-ie-driver/3.141.5/selenium-ie-driver-3.141.5.jar /home/claritus/.m2/repository/org/seleniumhq/selenium/selenium-opera-driver/3.141.5/selenium-opera-driver-3.141.5.jar /home/claritus/.m2/repository/org/seleniumhq/selenium/selenium-remote-driver/3.141.5/selenium-remote-driver-3.141.5.jar /home/claritus/.m2/repository/org/seleniumhq/selenium/selenium-safari-driver/3.141.5/selenium-safari-driver-3.141.5.jar /home/claritus/.m2/repository/org/seleniumhq/selenium/selenium-support/3.141.5/selenium-support-3.141.5.jar /home/claritus/.m2/repository/com/beust/jcommander/1.72/jcommander-1.72.jar /home/claritus/.m2/repository/net/bytebuddy/byte-buddy/1.8.15/byte-buddy-1.8.15.jar /home/claritus/.m2/repository/org/apache/commons/commons-exec/1.3/commons-exec-1.3.jar /home/claritus/.m2/repository/com/google/guava/guava/25.0-jre/guava-25.0-jre.jar /home/claritus/.m2/repository/com/google/code/findbugs/jsr305/1.3.9/jsr305-1.3.9.jar /home/claritus/.m2/repository/org/checkerframework/checker-compat-qual/2.0.0/checker-compat-qual-2.0.0.jar /home/claritus/.m2/repository/com/google/errorprone/error_prone_annotations/2.1.3/error_prone_annotations-2.1.3.jar /home/claritus/.m2/repository/com/google/j2objc/j2objc-annotations/1.1/j2objc-annotations-1.1.jar /home/claritus/.m2/repository/org/codehaus/mojo/animal-sniffer-annotations/1.14/animal-sniffer-annotations-1.14.jar /home/claritus/.m2/repository/net/jcip/jcip-annotations/1.0/jcip-annotations-1.0.jar /home/claritus/.m2/repository/org/seleniumhq/selenium/jetty-repacked/9.4.12.v20180830/jetty-repacked-9.4.12.v20180830.jar /home/claritus/.m2/repository/com/squareup/okhttp3/okhttp/3.11.0/okhttp-3.11.0.jar /home/claritus/.m2/repository/com/squareup/okio/okio/1.14.0/okio-1.14.0.jar /home/claritus/.m2/repository/javax/servlet/javax.servlet-api/3.1.0/javax.servlet-api-3.1.0.jar /home/claritus/.m2/repository/org/yaml/snakeyaml/1.19/snakeyaml-1.19.jar /home/claritus/.m2/repository/org/testng/testng/6.14.3/testng-6.14.3.jar /home/claritus/.m2/repository/org/apache-extras/beanshell/bsh/2.0b6/bsh-2.0b6.jar /home/claritus/.m2/repository/org/apache/httpcomponents/httpclient/4.5.6/httpclient-4.5.6.jar /home/claritus/.m2/repository/commons-logging/commons-logging/1.2/commons-logging-1.2.jar /home/claritus/.m2/repository/commons-codec/commons-codec/1.10/commons-codec-1.10.jar /home/claritus/.m2/repository/org/apache/httpcomponents/httpcore/4.4.7/httpcore-4.4.7.jar /home/claritus/.m2/repository/org/json/json/20180813/json-20180813.jar
  VMArgs:    -ea
  Class:     org.testng.remote.RemoteTestNG
  Args:      -serport 37081 -protocol json -d /home/claritus/Documents/Selenium/RestAPI/RestAPI/test-output /tmp/testng-eclipse-788173542/testng-customsuite.xml
java -ea -classpath /home/claritus/Downloads/eclipse/configuration/org.eclipse.osgi/477/0/.cp/lib/testng-remote.jar:/home/claritus/Documents/Selenium/RestAPI/RestAPI/target/test-classes:/home/claritus/Documents/Selenium/RestAPI/RestAPI/target/classes:/home/claritus/Downloads/testng-6.8.jar:/home/claritus/.m2/repository/org/seleniumhq/selenium/selenium-server/3.141.5/selenium-server-3.141.5.jar:/home/claritus/.m2/repository/org/seleniumhq/selenium/selenium-java/3.141.5/selenium-java-3.141.5.jar:/home/claritus/.m2/repository/org/seleniumhq/selenium/selenium-api/3.141.5/selenium-api-3.141.5.jar:/home/claritus/.m2/repository/org/seleniumhq/selenium/selenium-chrome-driver/3.141.5/selenium-chrome-driver-3.141.5.jar:/home/claritus/.m2/repository/org/seleniumhq/selenium/selenium-edge-driver/3.141.5/selenium-edge-driver-3.141.5.jar:/home/claritus/.m2/repository/org/seleniumhq/selenium/selenium-firefox-driver/3.141.5/selenium-firefox-driver-3.141.5.jar:/home/claritus/.m2/repository/org/seleniumhq/selenium/selenium-ie-driver/3.141.5/selenium-ie-driver-3.141.5.jar:/home/claritus/.m2/repository/org/seleniumhq/selenium/selenium-opera-driver/3.141.5/selenium-opera-driver-3.141.5.jar:/home/claritus/.m2/repository/org/seleniumhq/selenium/selenium-remote-driver/3.141.5/selenium-remote-driver-3.141.5.jar:/home/claritus/.m2/repository/org/seleniumhq/selenium/selenium-safari-driver/3.141.5/selenium-safari-driver-3.141.5.jar:/home/claritus/.m2/repository/org/seleniumhq/selenium/selenium-support/3.141.5/selenium-support-3.141.5.jar:/home/claritus/.m2/repository/com/beust/jcommander/1.72/jcommander-1.72.jar:/home/claritus/.m2/repository/net/bytebuddy/byte-buddy/1.8.15/byte-buddy-1.8.15.jar:/home/claritus/.m2/repository/org/apache/commons/commons-exec/1.3/commons-exec-1.3.jar:/home/claritus/.m2/repository/com/google/guava/guava/25.0-jre/guava-25.0-jre.jar:/home/claritus/.m2/repository/com/google/code/findbugs/jsr305/1.3.9/jsr305-1.3.9.jar:/home/claritus/.m2/repository/org/checkerframework/checker-compat-qual/2.0.0/checker-compat-qual-2.0.0.jar:/home/claritus/.m2/repository/com/google/errorprone/error_prone_annotations/2.1.3/error_prone_annotations-2.1.3.jar:/home/claritus/.m2/repository/com/google/j2objc/j2objc-annotations/1.1/j2objc-annotations-1.1.jar:/home/claritus/.m2/repository/org/codehaus/mojo/animal-sniffer-annotations/1.14/animal-sniffer-annotations-1.14.jar:/home/claritus/.m2/repository/net/jcip/jcip-annotations/1.0/jcip-annotations-1.0.jar:/home/claritus/.m2/repository/org/seleniumhq/selenium/jetty-repacked/9.4.12.v20180830/jetty-repacked-9.4.12.v20180830.jar:/home/claritus/.m2/repository/com/squareup/okhttp3/okhttp/3.11.0/okhttp-3.11.0.jar:/home/claritus/.m2/repository/com/squareup/okio/okio/1.14.0/okio-1.14.0.jar:/home/claritus/.m2/repository/javax/servlet/javax.servlet-api/3.1.0/javax.servlet-api-3.1.0.jar:/home/claritus/.m2/repository/org/yaml/snakeyaml/1.19/snakeyaml-1.19.jar:/home/claritus/.m2/repository/org/testng/testng/6.14.3/testng-6.14.3.jar:/home/claritus/.m2/repository/org/apache-extras/beanshell/bsh/2.0b6/bsh-2.0b6.jar:/home/claritus/.m2/repository/org/apache/httpcomponents/httpclient/4.5.6/httpclient-4.5.6.jar:/home/claritus/.m2/repository/commons-logging/commons-logging/1.2/commons-logging-1.2.jar:/home/claritus/.m2/repository/commons-codec/commons-codec/1.10/commons-codec-1.10.jar:/home/claritus/.m2/repository/org/apache/httpcomponents/httpcore/4.4.7/httpcore-4.4.7.jar:/home/claritus/.m2/repository/org/json/json/20180813/json-20180813.jar org.testng.remote.RemoteTestNG -serport 37081 -protocol json -d /home/claritus/Documents/Selenium/RestAPI/RestAPI/test-output /tmp/testng-eclipse-788173542/testng-customsuite.xml
!SESSION 2019-06-06 13:54:33.942 -----------------------------------------------
eclipse.buildId=4.11.0.I20190307-0500
java.version=1.8.0_212
java.vendor=Oracle Corporation
BootLoader constants: OS=linux, ARCH=x86_64, WS=gtk, NL=en_IN
Framework arguments:  -product org.eclipse.epp.package.java.product
Command-line arguments:  -os linux -ws gtk -arch x86_64 -product org.eclipse.epp.package.java.product

!ENTRY org.eclipse.egit.core 1 0 2019-06-06 13:54:42.363
!MESSAGE Using Apache MINA sshd as ssh client.

!ENTRY org.testng.eclipse 1 0 2019-06-06 14:12:41.324
!MESSAGE [TestNGLaunchConfigurationDelegate] Launching:
  Classpath: /home/claritus/Downloads/eclipse/configuration/org.eclipse.osgi/477/0/.cp/lib/testng-remote.jar /home/claritus/eclipse-workspace/Automation1/bin /home/claritus/Downloads/selenium-server-standalone-3.141.59.jar /home/claritus/Downloads/testng-6.8.jar /home/claritus/Downloads/poi-3.9.jar /home/claritus/Downloads/poi-4.1.0.jar
  VMArgs:    -ea
  Class:     org.testng.remote.RemoteTestNG
  Args:      -serport 36106 -protocol json -d /home/claritus/eclipse-workspace/Automation1/test-output /tmp/testng-eclipse-654909739/testng-customsuite.xml
java -ea -classpath /home/claritus/Downloads/eclipse/configuration/org.eclipse.osgi/477/0/.cp/lib/testng-remote.jar:/home/claritus/eclipse-workspace/Automation1/bin:/home/claritus/Downloads/selenium-server-standalone-3.141.59.jar:/home/claritus/Downloads/testng-6.8.jar:/home/claritus/Downloads/poi-3.9.jar:/home/claritus/Downloads/poi-4.1.0.jar org.testng.remote.RemoteTestNG -serport 36106 -protocol json -d /home/claritus/eclipse-workspace/Automation1/test-output /tmp/testng-eclipse-654909739/testng-customsuite.xml

!ENTRY org.testng.eclipse 1 0 2019-06-06 14:14:16.814
!MESSAGE [TestNGLaunchConfigurationDelegate] Launching:
  Classpath: /home/claritus/Downloads/eclipse/configuration/org.eclipse.osgi/477/0/.cp/lib/testng-remote.jar /home/claritus/eclipse-workspace/Automation1/bin /home/claritus/Downloads/selenium-server-standalone-3.141.59.jar /home/claritus/Downloads/testng-6.8.jar /home/claritus/Downloads/poi-3.9.jar /home/claritus/Downloads/poi-4.1.0.jar
  VMArgs:    -ea
  Class:     org.testng.remote.RemoteTestNG
  Args:      -serport 40657 -protocol json -d /home/claritus/eclipse-workspace/Automation1/test-output /tmp/testng-eclipse--225826466/testng-customsuite.xml
java -ea -classpath /home/claritus/Downloads/eclipse/configuration/org.eclipse.osgi/477/0/.cp/lib/testng-remote.jar:/home/claritus/eclipse-workspace/Automation1/bin:/home/claritus/Downloads/selenium-server-standalone-3.141.59.jar:/home/claritus/Downloads/testng-6.8.jar:/home/claritus/Downloads/poi-3.9.jar:/home/claritus/Downloads/poi-4.1.0.jar org.testng.remote.RemoteTestNG -serport 40657 -protocol json -d /home/claritus/eclipse-workspace/Automation1/test-output /tmp/testng-eclipse--225826466/testng-customsuite.xml

!ENTRY org.testng.eclipse 1 0 2019-06-06 14:16:14.305
!MESSAGE [TestNGLaunchConfigurationDelegate] Launching:
  Classpath: /home/claritus/Downloads/eclipse/configuration/org.eclipse.osgi/477/0/.cp/lib/testng-remote.jar /home/claritus/eclipse-workspace/Automation1/bin /home/claritus/Downloads/selenium-server-standalone-3.141.59.jar /home/claritus/Downloads/testng-6.8.jar /home/claritus/Downloads/poi-3.9.jar /home/claritus/Downloads/poi-4.1.0.jar
  VMArgs:    -ea
  Class:     org.testng.remote.RemoteTestNG
  Args:      -serport 42404 -protocol json -d /home/claritus/eclipse-workspace/Automation1/test-output /tmp/testng-eclipse-1358370291/testng-customsuite.xml
java -ea -classpath /home/claritus/Downloads/eclipse/configuration/org.eclipse.osgi/477/0/.cp/lib/testng-remote.jar:/home/claritus/eclipse-workspace/Automation1/bin:/home/claritus/Downloads/selenium-server-standalone-3.141.59.jar:/home/claritus/Downloads/testng-6.8.jar:/home/claritus/Downloads/poi-3.9.jar:/home/claritus/Downloads/poi-4.1.0.jar org.testng.remote.RemoteTestNG -serport 42404 -protocol json -d /home/claritus/eclipse-workspace/Automation1/test-output /tmp/testng-eclipse-1358370291/testng-customsuite.xml

!ENTRY org.testng.eclipse 1 0 2019-06-06 14:16:44.617
!MESSAGE [TestNGLaunchConfigurationDelegate] Launching:
  Classpath: /home/claritus/Downloads/eclipse/configuration/org.eclipse.osgi/477/0/.cp/lib/testng-remote.jar /home/claritus/eclipse-workspace/Automation1/bin /home/claritus/Downloads/selenium-server-standalone-3.141.59.jar /home/claritus/Downloads/testng-6.8.jar /home/claritus/Downloads/poi-3.9.jar /home/claritus/Downloads/poi-4.1.0.jar
  VMArgs:    -ea
  Class:     org.testng.remote.RemoteTestNG
  Args:      -serport 39758 -protocol json -d /home/claritus/eclipse-workspace/Automation1/test-output /tmp/testng-eclipse-128910376/testng-customsuite.xml
java -ea -classpath /home/claritus/Downloads/eclipse/configuration/org.eclipse.osgi/477/0/.cp/lib/testng-remote.jar:/home/claritus/eclipse-workspace/Automation1/bin:/home/claritus/Downloads/selenium-server-standalone-3.141.59.jar:/home/claritus/Downloads/testng-6.8.jar:/home/claritus/Downloads/poi-3.9.jar:/home/claritus/Downloads/poi-4.1.0.jar org.testng.remote.RemoteTestNG -serport 39758 -protocol json -d /home/claritus/eclipse-workspace/Automation1/test-output /tmp/testng-eclipse-128910376/testng-customsuite.xml

!ENTRY org.testng.eclipse 1 0 2019-06-06 14:17:36.941
!MESSAGE [TestNGLaunchConfigurationDelegate] Launching:
  Classpath: /home/claritus/Downloads/eclipse/configuration/org.eclipse.osgi/477/0/.cp/lib/testng-remote.jar /home/claritus/eclipse-workspace/Automation1/bin /home/claritus/Downloads/selenium-server-standalone-3.141.59.jar /home/claritus/Downloads/testng-6.8.jar /home/claritus/Downloads/poi-3.9.jar /home/claritus/Downloads/poi-4.1.0.jar
  VMArgs:    -ea
  Class:     org.testng.remote.RemoteTestNG
  Args:      -serport 39312 -protocol json -d /home/claritus/eclipse-workspace/Automation1/test-output /tmp/testng-eclipse--1244581901/testng-customsuite.xml
java -ea -classpath /home/claritus/Downloads/eclipse/configuration/org.eclipse.osgi/477/0/.cp/lib/testng-remote.jar:/home/claritus/eclipse-workspace/Automation1/bin:/home/claritus/Downloads/selenium-server-standalone-3.141.59.jar:/home/claritus/Downloads/testng-6.8.jar:/home/claritus/Downloads/poi-3.9.jar:/home/claritus/Downloads/poi-4.1.0.jar org.testng.remote.RemoteTestNG -serport 39312 -protocol json -d /home/claritus/eclipse-workspace/Automation1/test-output /tmp/testng-eclipse--1244581901/testng-customsuite.xml

!ENTRY org.testng.eclipse 1 0 2019-06-06 14:18:32.844
!MESSAGE [TestNGLaunchConfigurationDelegate] Launching:
  Classpath: /home/claritus/Downloads/eclipse/configuration/org.eclipse.osgi/477/0/.cp/lib/testng-remote.jar /home/claritus/eclipse-workspace/Automation1/bin /home/claritus/Downloads/selenium-server-standalone-3.141.59.jar /home/claritus/Downloads/testng-6.8.jar /home/claritus/Downloads/poi-3.9.jar /home/claritus/Downloads/poi-4.1.0.jar
  VMArgs:    -ea
  Class:     org.testng.remote.RemoteTestNG
  Args:      -serport 46551 -protocol json -d /home/claritus/eclipse-workspace/Automation1/test-output /tmp/testng-eclipse-1610547742/testng-customsuite.xml
java -ea -classpath /home/claritus/Downloads/eclipse/configuration/org.eclipse.osgi/477/0/.cp/lib/testng-remote.jar:/home/claritus/eclipse-workspace/Automation1/bin:/home/claritus/Downloads/selenium-server-standalone-3.141.59.jar:/home/claritus/Downloads/testng-6.8.jar:/home/claritus/Downloads/poi-3.9.jar:/home/claritus/Downloads/poi-4.1.0.jar org.testng.remote.RemoteTestNG -serport 46551 -protocol json -d /home/claritus/eclipse-workspace/Automation1/test-output /tmp/testng-eclipse-1610547742/testng-customsuite.xml

!ENTRY org.testng.eclipse 1 0 2019-06-06 14:20:21.841
!MESSAGE [TestNGLaunchConfigurationDelegate] Launching:
  Classpath: /home/claritus/Downloads/eclipse/configuration/org.eclipse.osgi/477/0/.cp/lib/testng-remote.jar /home/claritus/eclipse-workspace/Automation1/bin /home/claritus/Downloads/selenium-server-standalone-3.141.59.jar /home/claritus/Downloads/testng-6.8.jar /home/claritus/Downloads/poi-3.9.jar /home/claritus/Downloads/poi-4.1.0.jar
  VMArgs:    -ea
  Class:     org.testng.remote.RemoteTestNG
  Args:      -serport 38501 -protocol json -d /home/claritus/eclipse-workspace/Automation1/test-output /tmp/testng-eclipse-1978153152/testng-customsuite.xml
java -ea -classpath /home/claritus/Downloads/eclipse/configuration/org.eclipse.osgi/477/0/.cp/lib/testng-remote.jar:/home/claritus/eclipse-workspace/Automation1/bin:/home/claritus/Downloads/selenium-server-standalone-3.141.59.jar:/home/claritus/Downloads/testng-6.8.jar:/home/claritus/Downloads/poi-3.9.jar:/home/claritus/Downloads/poi-4.1.0.jar org.testng.remote.RemoteTestNG -serport 38501 -protocol json -d /home/claritus/eclipse-workspace/Automation1/test-output /tmp/testng-eclipse-1978153152/testng-customsuite.xml

!ENTRY org.testng.eclipse 1 0 2019-06-06 14:22:52.553
!MESSAGE [TestNGLaunchConfigurationDelegate] Launching:
  Classpath: /home/claritus/Downloads/eclipse/configuration/org.eclipse.osgi/477/0/.cp/lib/testng-remote.jar /home/claritus/eclipse-workspace/Automation1/bin /home/claritus/Downloads/selenium-server-standalone-3.141.59.jar /home/claritus/Downloads/testng-6.8.jar /home/claritus/Downloads/poi-3.9.jar /home/claritus/Downloads/poi-4.1.0.jar
  VMArgs:    -ea
  Class:     org.testng.remote.RemoteTestNG
  Args:      -serport 45114 -protocol json -d /home/claritus/eclipse-workspace/Automation1/test-output /tmp/testng-eclipse--1008470314/testng-customsuite.xml
java -ea -classpath /home/claritus/Downloads/eclipse/configuration/org.eclipse.osgi/477/0/.cp/lib/testng-remote.jar:/home/claritus/eclipse-workspace/Automation1/bin:/home/claritus/Downloads/selenium-server-standalone-3.141.59.jar:/home/claritus/Downloads/testng-6.8.jar:/home/claritus/Downloads/poi-3.9.jar:/home/claritus/Downloads/poi-4.1.0.jar org.testng.remote.RemoteTestNG -serport 45114 -protocol json -d /home/claritus/eclipse-workspace/Automation1/test-output /tmp/testng-eclipse--1008470314/testng-customsuite.xml

!ENTRY org.testng.eclipse 1 0 2019-06-06 14:23:26.043
!MESSAGE [TestNGLaunchConfigurationDelegate] Launching:
  Classpath: /home/claritus/Downloads/eclipse/configuration/org.eclipse.osgi/477/0/.cp/lib/testng-remote.jar /home/claritus/eclipse-workspace/Automation1/bin /home/claritus/Downloads/selenium-server-standalone-3.141.59.jar /home/claritus/Downloads/testng-6.8.jar /home/claritus/Downloads/poi-3.9.jar /home/claritus/Downloads/poi-4.1.0.jar
  VMArgs:    -ea
  Class:     org.testng.remote.RemoteTestNG
  Args:      -serport 39891 -protocol json -d /home/claritus/eclipse-workspace/Automation1/test-output /tmp/testng-eclipse--1908535909/testng-customsuite.xml
java -ea -classpath /home/claritus/Downloads/eclipse/configuration/org.eclipse.osgi/477/0/.cp/lib/testng-remote.jar:/home/claritus/eclipse-workspace/Automation1/bin:/home/claritus/Downloads/selenium-server-standalone-3.141.59.jar:/home/claritus/Downloads/testng-6.8.jar:/home/claritus/Downloads/poi-3.9.jar:/home/claritus/Downloads/poi-4.1.0.jar org.testng.remote.RemoteTestNG -serport 39891 -protocol json -d /home/claritus/eclipse-workspace/Automation1/test-output /tmp/testng-eclipse--1908535909/testng-customsuite.xml

!ENTRY org.testng.eclipse 1 0 2019-06-06 14:32:14.103
!MESSAGE [TestNGLaunchConfigurationDelegate] Launching:
  Classpath: /home/claritus/Downloads/eclipse/configuration/org.eclipse.osgi/477/0/.cp/lib/testng-remote.jar /home/claritus/eclipse-workspace/Automation1/bin /home/claritus/Downloads/selenium-server-standalone-3.141.59.jar /home/claritus/Downloads/testng-6.8.jar /home/claritus/Downloads/poi-3.9.jar /home/claritus/Downloads/poi-4.1.0.jar
  VMArgs:    -ea
  Class:     org.testng.remote.RemoteTestNG
  Args:      -serport 37309 -protocol json -d /home/claritus/eclipse-workspace/Automation1/test-output /tmp/testng-eclipse-848992504/testng-customsuite.xml
java -ea -classpath /home/claritus/Downloads/eclipse/configuration/org.eclipse.osgi/477/0/.cp/lib/testng-remote.jar:/home/claritus/eclipse-workspace/Automation1/bin:/home/claritus/Downloads/selenium-server-standalone-3.141.59.jar:/home/claritus/Downloads/testng-6.8.jar:/home/claritus/Downloads/poi-3.9.jar:/home/claritus/Downloads/poi-4.1.0.jar org.testng.remote.RemoteTestNG -serport 37309 -protocol json -d /home/claritus/eclipse-workspace/Automation1/test-output /tmp/testng-eclipse-848992504/testng-customsuite.xml

!ENTRY org.testng.eclipse 1 0 2019-06-06 14:35:33.357
!MESSAGE [TestNGLaunchConfigurationDelegate] Launching:
  Classpath: /home/claritus/Downloads/eclipse/configuration/org.eclipse.osgi/477/0/.cp/lib/testng-remote.jar /home/claritus/eclipse-workspace/Automation1/bin /home/claritus/Downloads/selenium-server-standalone-3.141.59.jar /home/claritus/Downloads/testng-6.8.jar /home/claritus/Downloads/poi-3.9.jar /home/claritus/Downloads/poi-4.1.0.jar
  VMArgs:    -ea
  Class:     org.testng.remote.RemoteTestNG
  Args:      -serport 41987 -protocol json -d /home/claritus/eclipse-workspace/Automation1/test-output /tmp/testng-eclipse--2027315297/testng-customsuite.xml
java -ea -classpath /home/claritus/Downloads/eclipse/configuration/org.eclipse.osgi/477/0/.cp/lib/testng-remote.jar:/home/claritus/eclipse-workspace/Automation1/bin:/home/claritus/Downloads/selenium-server-standalone-3.141.59.jar:/home/claritus/Downloads/testng-6.8.jar:/home/claritus/Downloads/poi-3.9.jar:/home/claritus/Downloads/poi-4.1.0.jar org.testng.remote.RemoteTestNG -serport 41987 -protocol json -d /home/claritus/eclipse-workspace/Automation1/test-output /tmp/testng-eclipse--2027315297/testng-customsuite.xml

!ENTRY org.testng.eclipse 1 0 2019-06-06 14:36:43.198
!MESSAGE [TestNGLaunchConfigurationDelegate] Launching:
  Classpath: /home/claritus/Downloads/eclipse/configuration/org.eclipse.osgi/477/0/.cp/lib/testng-remote.jar /home/claritus/eclipse-workspace/Automation1/bin /home/claritus/Downloads/selenium-server-standalone-3.141.59.jar /home/claritus/Downloads/testng-6.8.jar /home/claritus/Downloads/poi-3.9.jar /home/claritus/Downloads/poi-4.1.0.jar
  VMArgs:    -ea
  Class:     org.testng.remote.RemoteTestNG
  Args:      -serport 37948 -protocol json -d /home/claritus/eclipse-workspace/Automation1/test-output /tmp/testng-eclipse--973580005/testng-customsuite.xml
java -ea -classpath /home/claritus/Downloads/eclipse/configuration/org.eclipse.osgi/477/0/.cp/lib/testng-remote.jar:/home/claritus/eclipse-workspace/Automation1/bin:/home/claritus/Downloads/selenium-server-standalone-3.141.59.jar:/home/claritus/Downloads/testng-6.8.jar:/home/claritus/Downloads/poi-3.9.jar:/home/claritus/Downloads/poi-4.1.0.jar org.testng.remote.RemoteTestNG -serport 37948 -protocol json -d /home/claritus/eclipse-workspace/Automation1/test-output /tmp/testng-eclipse--973580005/testng-customsuite.xml

!ENTRY org.testng.eclipse 1 0 2019-06-06 14:37:54.912
!MESSAGE [TestNGLaunchConfigurationDelegate] Launching:
  Classpath: /home/claritus/Downloads/eclipse/configuration/org.eclipse.osgi/477/0/.cp/lib/testng-remote.jar /home/claritus/eclipse-workspace/Automation1/bin /home/claritus/Downloads/selenium-server-standalone-3.141.59.jar /home/claritus/Downloads/testng-6.8.jar /home/claritus/Downloads/poi-3.9.jar /home/claritus/Downloads/poi-4.1.0.jar
  VMArgs:    -ea
  Class:     org.testng.remote.RemoteTestNG
  Args:      -serport 45727 -protocol json -d /home/claritus/eclipse-workspace/Automation1/test-output /tmp/testng-eclipse--1088311798/testng-customsuite.xml
java -ea -classpath /home/claritus/Downloads/eclipse/configuration/org.eclipse.osgi/477/0/.cp/lib/testng-remote.jar:/home/claritus/eclipse-workspace/Automation1/bin:/home/claritus/Downloads/selenium-server-standalone-3.141.59.jar:/home/claritus/Downloads/testng-6.8.jar:/home/claritus/Downloads/poi-3.9.jar:/home/claritus/Downloads/poi-4.1.0.jar org.testng.remote.RemoteTestNG -serport 45727 -protocol json -d /home/claritus/eclipse-workspace/Automation1/test-output /tmp/testng-eclipse--1088311798/testng-customsuite.xml

!ENTRY org.eclipse.ltk.ui.refactoring 4 10000 2019-06-06 15:09:23.066
!MESSAGE Internal Error
!STACK 1
org.eclipse.core.internal.resources.ResourceException: Problems encountered while moving resources.
	at org.eclipse.core.internal.resources.Resource.move(Resource.java:1504)
	at org.eclipse.ltk.core.refactoring.resource.RenameResourceChange.perform(RenameResourceChange.java:118)
	at org.eclipse.ltk.core.refactoring.CompositeChange.perform(CompositeChange.java:283)
	at org.eclipse.ltk.core.refactoring.PerformChangeOperation$1.run(PerformChangeOperation.java:260)
	at org.eclipse.core.internal.resources.Workspace.run(Workspace.java:2295)
	at org.eclipse.core.internal.resources.Workspace.run(Workspace.java:2322)
	at org.eclipse.ltk.core.refactoring.PerformChangeOperation.executeChange(PerformChangeOperation.java:308)
	at org.eclipse.ltk.internal.ui.refactoring.UIPerformChangeOperation.executeChange(UIPerformChangeOperation.java:99)
	at org.eclipse.ltk.core.refactoring.PerformChangeOperation.run(PerformChangeOperation.java:219)
	at org.eclipse.core.internal.resources.Workspace.run(Workspace.java:2295)
	at org.eclipse.core.internal.resources.Workspace.run(Workspace.java:2322)
	at org.eclipse.ltk.internal.ui.refactoring.WorkbenchRunnableAdapter.run(WorkbenchRunnableAdapter.java:89)
	at org.eclipse.jface.operation.ModalContext$ModalContextThread.run(ModalContext.java:122)
Contains: File already exists on disk: /home/claritus/eclipse-workspace/Automation1/src/com/qa/Read_WriteData/TestData.ods.
!SUBENTRY 1 org.eclipse.core.resources 4 4 2019-06-06 15:09:23.104
!MESSAGE Problems encountered while moving resources.
!SUBENTRY 2 org.eclipse.core.filesystem 4 268 2019-06-06 15:09:23.104
!MESSAGE File already exists on disk: /home/claritus/eclipse-workspace/Automation1/src/com/qa/Read_WriteData/TestData.ods.

!ENTRY org.eclipse.m2e.logback.appender 4 0 2019-06-06 16:44:34.414
!MESSAGE Launch configuration GetAPITest references non-existing project RestAPI.
!STACK 1
org.eclipse.core.runtime.CoreException: Launch configuration GetAPITest references non-existing project RestAPI.
	at org.eclipse.jdt.launching.JavaRuntime.abort(JavaRuntime.java:1839)
	at org.eclipse.jdt.launching.JavaRuntime.getJavaProject(JavaRuntime.java:1714)
	at org.eclipse.m2e.jdt.internal.launch.MavenLaunchConfigurationListener.updateLaunchConfiguration(MavenLaunchConfigurationListener.java:53)
	at org.eclipse.m2e.jdt.internal.launch.MavenLaunchConfigurationListener.launchConfigurationChanged(MavenLaunchConfigurationListener.java:38)
	at org.eclipse.debug.internal.core.LaunchManager$ConfigurationNotifier.run(LaunchManager.java:225)
	at org.eclipse.core.runtime.SafeRunner.run(SafeRunner.java:45)
	at org.eclipse.debug.internal.core.LaunchManager$ConfigurationNotifier.notify(LaunchManager.java:209)
	at org.eclipse.debug.internal.core.LaunchConfigurationWorkingCopy.setDirty(LaunchConfigurationWorkingCopy.java:528)
	at org.eclipse.debug.internal.core.LaunchConfigurationWorkingCopy.setAttribute(LaunchConfigurationWorkingCopy.java:416)
	at org.eclipse.m2e.jdt.internal.launch.MavenRuntimeClasspathProvider.disable(MavenRuntimeClasspathProvider.java:352)
	at org.eclipse.m2e.jdt.internal.launch.MavenRuntimeClasspathProvider.disable(MavenRuntimeClasspathProvider.java:378)
	at org.eclipse.m2e.jdt.internal.launch.MavenLaunchConfigurationListener.mavenProjectChanged(MavenLaunchConfigurationListener.java:70)
	at org.eclipse.m2e.core.internal.project.registry.ProjectRegistryManager.notifyProjectChangeListeners(ProjectRegistryManager.java:777)
	at org.eclipse.m2e.core.internal.project.registry.ProjectRegistryManager.applyMutableProjectRegistry(ProjectRegistryManager.java:921)
	at org.eclipse.m2e.core.internal.project.registry.ProjectRegistryRefreshJob$1.call(ProjectRegistryRefreshJob.java:98)
	at org.eclipse.m2e.core.internal.project.registry.ProjectRegistryRefreshJob$1.call(ProjectRegistryRefreshJob.java:1)
	at org.eclipse.m2e.core.internal.embedder.MavenExecutionContext.executeBare(MavenExecutionContext.java:177)
	at org.eclipse.m2e.core.internal.embedder.MavenExecutionContext.execute(MavenExecutionContext.java:151)
	at org.eclipse.m2e.core.internal.embedder.MavenExecutionContext.execute(MavenExecutionContext.java:99)
	at org.eclipse.m2e.core.internal.embedder.MavenImpl.execute(MavenImpl.java:1336)
	at org.eclipse.m2e.core.internal.project.registry.ProjectRegistryRefreshJob.run(ProjectRegistryRefreshJob.java:81)
	at org.eclipse.core.internal.jobs.Worker.run(Worker.java:63)
!SUBENTRY 1 org.eclipse.jdt.launching 4 107 2019-06-06 16:44:34.414
!MESSAGE Launch configuration GetAPITest references non-existing project RestAPI.

!ENTRY org.eclipse.m2e.logback.appender 4 0 2019-06-06 16:44:34.447
!MESSAGE Launch configuration GetAPITest references non-existing project RestAPI.
!STACK 1
org.eclipse.core.runtime.CoreException: Launch configuration GetAPITest references non-existing project RestAPI.
	at org.eclipse.jdt.launching.JavaRuntime.abort(JavaRuntime.java:1839)
	at org.eclipse.jdt.launching.JavaRuntime.getJavaProject(JavaRuntime.java:1714)
	at org.eclipse.m2e.jdt.internal.launch.MavenLaunchConfigurationListener.updateLaunchConfiguration(MavenLaunchConfigurationListener.java:53)
	at org.eclipse.m2e.jdt.internal.launch.MavenLaunchConfigurationListener.launchConfigurationChanged(MavenLaunchConfigurationListener.java:38)
	at org.eclipse.debug.internal.core.LaunchManager$ConfigurationNotifier.run(LaunchManager.java:225)
	at org.eclipse.core.runtime.SafeRunner.run(SafeRunner.java:45)
	at org.eclipse.debug.internal.core.LaunchManager$ConfigurationNotifier.notify(LaunchManager.java:209)
	at org.eclipse.debug.internal.core.LaunchConfigurationWorkingCopy.setDirty(LaunchConfigurationWorkingCopy.java:528)
	at org.eclipse.debug.internal.core.LaunchConfigurationWorkingCopy.setAttribute(LaunchConfigurationWorkingCopy.java:416)
	at org.eclipse.m2e.jdt.internal.launch.MavenRuntimeClasspathProvider.disable(MavenRuntimeClasspathProvider.java:353)
	at org.eclipse.m2e.jdt.internal.launch.MavenRuntimeClasspathProvider.disable(MavenRuntimeClasspathProvider.java:378)
	at org.eclipse.m2e.jdt.internal.launch.MavenLaunchConfigurationListener.mavenProjectChanged(MavenLaunchConfigurationListener.java:70)
	at org.eclipse.m2e.core.internal.project.registry.ProjectRegistryManager.notifyProjectChangeListeners(ProjectRegistryManager.java:777)
	at org.eclipse.m2e.core.internal.project.registry.ProjectRegistryManager.applyMutableProjectRegistry(ProjectRegistryManager.java:921)
	at org.eclipse.m2e.core.internal.project.registry.ProjectRegistryRefreshJob$1.call(ProjectRegistryRefreshJob.java:98)
	at org.eclipse.m2e.core.internal.project.registry.ProjectRegistryRefreshJob$1.call(ProjectRegistryRefreshJob.java:1)
	at org.eclipse.m2e.core.internal.embedder.MavenExecutionContext.executeBare(MavenExecutionContext.java:177)
	at org.eclipse.m2e.core.internal.embedder.MavenExecutionContext.execute(MavenExecutionContext.java:151)
	at org.eclipse.m2e.core.internal.embedder.MavenExecutionContext.execute(MavenExecutionContext.java:99)
	at org.eclipse.m2e.core.internal.embedder.MavenImpl.execute(MavenImpl.java:1336)
	at org.eclipse.m2e.core.internal.project.registry.ProjectRegistryRefreshJob.run(ProjectRegistryRefreshJob.java:81)
	at org.eclipse.core.internal.jobs.Worker.run(Worker.java:63)
!SUBENTRY 1 org.eclipse.jdt.launching 4 107 2019-06-06 16:44:34.447
!MESSAGE Launch configuration GetAPITest references non-existing project RestAPI.

!ENTRY org.eclipse.m2e.logback.appender 4 0 2019-06-06 16:44:34.481
!MESSAGE Launch configuration GetAPITest references non-existing project RestAPI.
!STACK 1
org.eclipse.core.runtime.CoreException: Launch configuration GetAPITest references non-existing project RestAPI.
	at org.eclipse.jdt.launching.JavaRuntime.abort(JavaRuntime.java:1839)
	at org.eclipse.jdt.launching.JavaRuntime.getJavaProject(JavaRuntime.java:1714)
	at org.eclipse.m2e.jdt.internal.launch.MavenLaunchConfigurationListener.updateLaunchConfiguration(MavenLaunchConfigurationListener.java:53)
	at org.eclipse.m2e.jdt.internal.launch.MavenLaunchConfigurationListener.launchConfigurationChanged(MavenLaunchConfigurationListener.java:38)
	at org.eclipse.debug.internal.core.LaunchManager$ConfigurationNotifier.run(LaunchManager.java:225)
	at org.eclipse.core.runtime.SafeRunner.run(SafeRunner.java:45)
	at org.eclipse.debug.internal.core.LaunchManager$ConfigurationNotifier.notify(LaunchManager.java:209)
	at org.eclipse.debug.internal.core.LaunchManager.launchConfigurationChanged(LaunchManager.java:2151)
	at org.eclipse.debug.internal.core.LaunchConfigurationWorkingCopy.writeNewFile(LaunchConfigurationWorkingCopy.java:381)
	at org.eclipse.debug.internal.core.LaunchConfigurationWorkingCopy.doSave0(LaunchConfigurationWorkingCopy.java:258)
	at org.eclipse.debug.internal.core.LaunchConfigurationWorkingCopy.doSave(LaunchConfigurationWorkingCopy.java:228)
	at org.eclipse.debug.internal.core.LaunchConfigurationWorkingCopy.doSave(LaunchConfigurationWorkingCopy.java:186)
	at org.eclipse.m2e.jdt.internal.launch.MavenRuntimeClasspathProvider.disable(MavenRuntimeClasspathProvider.java:354)
	at org.eclipse.m2e.jdt.internal.launch.MavenRuntimeClasspathProvider.disable(MavenRuntimeClasspathProvider.java:378)
	at org.eclipse.m2e.jdt.internal.launch.MavenLaunchConfigurationListener.mavenProjectChanged(MavenLaunchConfigurationListener.java:70)
	at org.eclipse.m2e.core.internal.project.registry.ProjectRegistryManager.notifyProjectChangeListeners(ProjectRegistryManager.java:777)
	at org.eclipse.m2e.core.internal.project.registry.ProjectRegistryManager.applyMutableProjectRegistry(ProjectRegistryManager.java:921)
	at org.eclipse.m2e.core.internal.project.registry.ProjectRegistryRefreshJob$1.call(ProjectRegistryRefreshJob.java:98)
	at org.eclipse.m2e.core.internal.project.registry.ProjectRegistryRefreshJob$1.call(ProjectRegistryRefreshJob.java:1)
	at org.eclipse.m2e.core.internal.embedder.MavenExecutionContext.executeBare(MavenExecutionContext.java:177)
	at org.eclipse.m2e.core.internal.embedder.MavenExecutionContext.execute(MavenExecutionContext.java:151)
	at org.eclipse.m2e.core.internal.embedder.MavenExecutionContext.execute(MavenExecutionContext.java:99)
	at org.eclipse.m2e.core.internal.embedder.MavenImpl.execute(MavenImpl.java:1336)
	at org.eclipse.m2e.core.internal.project.registry.ProjectRegistryRefreshJob.run(ProjectRegistryRefreshJob.java:81)
	at org.eclipse.core.internal.jobs.Worker.run(Worker.java:63)
!SUBENTRY 1 org.eclipse.jdt.launching 4 107 2019-06-06 16:44:34.481
!MESSAGE Launch configuration GetAPITest references non-existing project RestAPI.
